TN:matrix_oop_test
SF:/usr/include/c++/11/iostream
end_of_record
SF:/usr/include/c++/11/bits/cpp_type_traits.h
FN:560,_ZSt12__miter_baseIPPdET_S2_
FNDA:6,_ZSt12__miter_baseIPPdET_S2_
FN:560,_ZSt12__miter_baseIPdET_S1_
FNDA:282,_ZSt12__miter_baseIPdET_S1_
DA:560,6
DA:561,6
DA:560,282
DA:561,282
end_of_record
SF:/usr/include/c++/11/bits/move.h
FN:104,_ZSt4moveIRPdEONSt16remove_referenceIT_E4typeEOS3_
FNDA:144,_ZSt4moveIRPdEONSt16remove_referenceIT_E4typeEOS3_
FN:196,_ZSt4swapIPdENSt9enable_ifIXsrSt6__and_IJSt6__not_ISt15__is_tuple_likeIT_EESt21is_move_constructibleIS5_ESt18is_move_assignableIS5_EEE5valueEvE4typeERS5_SF_
FNDA:48,_ZSt4swapIPdENSt9enable_ifIXsrSt6__and_IJSt6__not_ISt15__is_tuple_likeIT_EESt21is_move_constructibleIS5_ESt18is_move_assignableIS5_EEE5valueEvE4typeERS5_SF_
DA:104,144
DA:105,144
DA:196,48
DA:204,48
DA:205,48
DA:206,48
DA:207,48
end_of_record
SF:/home/maksim/matrix_cpp-master/src/matrix_oop.cpp
FN:6,_ZN6MatrixC2Ev
FNDA:9,_ZN6MatrixC2Ev
FN:8,_ZN6MatrixC2Eii
FNDA:173,_ZN6MatrixC2Eii
FN:13,_ZN6MatrixC2ERKS_
FNDA:42,_ZN6MatrixC2ERKS_
FN:19,_ZN6MatrixC2EOS_
FNDA:1,_ZN6MatrixC2EOS_
FN:26,_ZN6MatrixD2Ev
FNDA:182,_ZN6MatrixD2Ev
FN:30,_ZN6Matrix7SetColsEi
FNDA:9,_ZN6Matrix7SetColsEi
FN:44,_ZN6Matrix7SetRowsEi
FNDA:3,_ZN6Matrix7SetRowsEi
FN:68,_ZN6Matrix8EqMatrixERKS_
FNDA:39,_ZN6Matrix8EqMatrixERKS_
FN:81,_ZN6Matrix9SumMatrixERKS_
FNDA:7,_ZN6Matrix9SumMatrixERKS_
FN:91,_ZN6Matrix9SubMatrixERKS_
FNDA:5,_ZN6Matrix9SubMatrixERKS_
FN:101,_ZN6Matrix9MulNumberEd
FNDA:6,_ZN6Matrix9MulNumberEd
FN:109,_ZN6Matrix9MulMatrixERKS_
FNDA:9,_ZN6Matrix9MulMatrixERKS_
FN:129,_ZN6Matrix9TransposeEv
FNDA:3,_ZN6Matrix9TransposeEv
FN:139,_ZN6Matrix11DeterminantEv
FNDA:25,_ZN6Matrix11DeterminantEv
FN:172,_ZN6Matrix15CalcComplementsEv
FNDA:5,_ZN6Matrix15CalcComplementsEv
FN:190,_ZN6Matrix13InverseMatrixEv
FNDA:4,_ZN6Matrix13InverseMatrixEv
FN:200,_ZN6MatrixaSERKS_
FNDA:4,_ZN6MatrixaSERKS_
FN:212,_ZN6Matrix11ClearMatrixEv
FNDA:185,_ZN6Matrix11ClearMatrixEv
FN:219,_ZN6Matrix10InitMatrixEv
FNDA:184,_ZN6Matrix10InitMatrixEv
FN:228,_ZN6MatrixclEii
FNDA:972,_ZN6MatrixclEii
FN:234,_ZNK6MatrixclEii
FNDA:3,_ZNK6MatrixclEii
FN:240,_ZlsRSoRK6Matrix
FNDA:0,_ZlsRSoRK6Matrix
FN:250,_ZmlRKdRK6Matrix
FNDA:1,_ZmlRKdRK6Matrix
FN:256,_ZplRK6MatrixS1_
FNDA:2,_ZplRK6MatrixS1_
FN:261,_ZmiRK6MatrixS1_
FNDA:2,_ZmiRK6MatrixS1_
FN:266,_ZmlRK6MatrixS1_
FNDA:3,_ZmlRK6MatrixS1_
FN:272,_ZmlRK6MatrixRKd
FNDA:1,_ZmlRK6MatrixRKd
FN:280,_ZN6Matrix14CalcComplementEii
FNDA:18,_ZN6Matrix14CalcComplementEii
FN:295,_ZN6MatrixpLERKS_
FNDA:2,_ZN6MatrixpLERKS_
FN:299,_ZN6MatrixmIERKS_
FNDA:2,_ZN6MatrixmIERKS_
FN:303,_ZN6MatrixmLERKS_
FNDA:3,_ZN6MatrixmLERKS_
FN:307,_ZN6MatrixmLERKd
FNDA:1,_ZN6MatrixmLERKd
DA:6,9
DA:8,173
DA:9,173
DA:10,172
DA:11,172
DA:13,42
DA:14,145
DA:15,103
DA:17,42
DA:19,1
DA:20,1
DA:21,1
DA:22,1
DA:23,1
DA:24,1
DA:26,182
DA:30,9
DA:31,9
DA:32,9
DA:33,9
DA:34,38
DA:35,29
DA:36,29
DA:37,29
DA:38,29
DA:39,29
DA:41,9
DA:44,3
DA:45,3
DA:46,3
DA:47,3
DA:48,3
DA:49,3
DA:51,3
DA:52,6
DA:53,4
DA:56,3
DA:57,3
DA:58,2
DA:61,3
DA:62,3
DA:63,3
DA:68,39
DA:69,39
DA:71,137
DA:72,433
DA:73,332
DA:74,332
DA:75,3
DA:78,33
DA:81,7
DA:82,7
DA:83,4
DA:84,8
DA:86,12
DA:87,45
DA:89,3
DA:91,5
DA:92,5
DA:93,2
DA:94,4
DA:96,12
DA:97,45
DA:99,3
DA:101,6
DA:102,22
DA:103,74
DA:104,58
DA:107,6
DA:109,9
DA:110,9
DA:111,3
DA:113,6
DA:115,6
DA:117,6
DA:119,24
DA:120,63
DA:121,45
DA:122,225
DA:123,180
DA:127,6
DA:129,3
DA:130,3
DA:131,10
DA:132,29
DA:133,22
DA:136,3
DA:139,25
DA:140,25
DA:141,25
DA:142,24
DA:144,24
DA:146,72
DA:147,48
DA:148,74
DA:149,26
DA:150,13
DA:152,48
DA:154,48
DA:155,48
DA:157,74
DA:158,26
DA:161,148
DA:162,152
DA:163,52
DA:164,64
DA:165,22
DA:166,22
DA:169,24
DA:170,24
DA:172,5
DA:173,5
DA:175,4
DA:177,4
DA:178,2
DA:179,2
DA:182,8
DA:183,24
DA:184,18
DA:187,2
DA:188,0
DA:190,4
DA:191,4
DA:192,3
DA:193,3
DA:194,1
DA:195,2
DA:196,2
DA:197,2
DA:200,4
DA:201,4
DA:202,3
DA:203,3
DA:204,3
DA:205,3
DA:206,12
DA:207,9
DA:209,3
DA:212,185
DA:213,705
DA:214,520
DA:216,185
DA:217,185
DA:219,184
DA:220,184
DA:221,702
DA:222,518
DA:224,184
DA:228,972
DA:229,972
DA:230,2
DA:231,970
DA:234,3
DA:235,3
DA:236,2
DA:237,1
DA:240,0
DA:241,0
DA:242,0
DA:243,0
DA:245,0
DA:247,0
DA:250,1
DA:251,1
DA:252,1
DA:253,1
DA:256,2
DA:257,2
DA:258,2
DA:259,1
DA:260,1
DA:261,2
DA:262,2
DA:263,2
DA:264,1
DA:265,1
DA:266,3
DA:267,3
DA:268,3
DA:269,2
DA:270,1
DA:272,1
DA:273,1
DA:274,1
DA:275,1
DA:280,18
DA:281,18
DA:282,72
DA:283,216
DA:284,162
DA:285,72
DA:286,72
DA:287,72
DA:291,18
DA:292,18
DA:293,18
DA:295,2
DA:296,2
DA:297,1
DA:299,2
DA:300,2
DA:301,1
DA:303,3
DA:304,3
DA:305,2
DA:307,1
DA:308,1
DA:309,1
end_of_record
SF:/usr/include/c++/11/limits
FN:1770,_ZNSt14numeric_limitsIdE7epsilonEv
FNDA:387,_ZNSt14numeric_limitsIdE7epsilonEv
DA:1770,387
end_of_record
SF:/usr/include/c++/11/bits/stl_algobase.h
FN:313,_ZSt12__niter_baseIPPdET_S2_
FNDA:9,_ZSt12__niter_baseIPPdET_S2_
FN:313,_ZSt12__niter_baseIPdET_S1_
FNDA:423,_ZSt12__niter_baseIPdET_S1_
FN:335,_ZSt12__niter_wrapIPPdET_RKS2_S2_
FNDA:3,_ZSt12__niter_wrapIPPdET_RKS2_S2_
FN:335,_ZSt12__niter_wrapIPdET_RKS1_S1_
FNDA:141,_ZSt12__niter_wrapIPdET_RKS1_S1_
FN:420,_ZNSt11__copy_moveILb0ELb1ESt26random_access_iterator_tagE8__copy_mIPdEEPT_PKS4_S7_S5_
FNDA:3,_ZNSt11__copy_moveILb0ELb1ESt26random_access_iterator_tagE8__copy_mIPdEEPT_PKS4_S7_S5_
FN:420,_ZNSt11__copy_moveILb0ELb1ESt26random_access_iterator_tagE8__copy_mIdEEPT_PKS3_S6_S4_
FNDA:141,_ZNSt11__copy_moveILb0ELb1ESt26random_access_iterator_tagE8__copy_mIdEEPT_PKS3_S6_S4_
FN:486,_ZSt14__copy_move_a2ILb0EPPdS1_ET1_T0_S3_S2_
FNDA:3,_ZSt14__copy_move_a2ILb0EPPdS1_ET1_T0_S3_S2_
FN:486,_ZSt14__copy_move_a2ILb0EPdS0_ET1_T0_S2_S1_
FNDA:141,_ZSt14__copy_move_a2ILb0EPdS0_ET1_T0_S2_S1_
FN:521,_ZSt14__copy_move_a1ILb0EPPdS1_ET1_T0_S3_S2_
FNDA:3,_ZSt14__copy_move_a1ILb0EPPdS1_ET1_T0_S3_S2_
FN:521,_ZSt14__copy_move_a1ILb0EPdS0_ET1_T0_S2_S1_
FNDA:141,_ZSt14__copy_move_a1ILb0EPdS0_ET1_T0_S2_S1_
FN:527,_ZSt13__copy_move_aILb0EPPdS1_ET1_T0_S3_S2_
FNDA:3,_ZSt13__copy_move_aILb0EPPdS1_ET1_T0_S3_S2_
FN:527,_ZSt13__copy_move_aILb0EPdS0_ET1_T0_S2_S1_
FNDA:141,_ZSt13__copy_move_aILb0EPdS0_ET1_T0_S2_S1_
FN:611,_ZSt4copyIPPdS1_ET0_T_S3_S2_
FNDA:3,_ZSt4copyIPPdS1_ET0_T_S3_S2_
FN:611,_ZSt4copyIPdS0_ET0_T_S2_S1_
FNDA:141,_ZSt4copyIPdS0_ET0_T_S2_S1_
DA:313,9
DA:315,9
DA:313,423
DA:315,423
DA:335,3
DA:336,3
DA:335,141
DA:336,141
DA:420,3
DA:429,3
DA:430,3
DA:431,3
DA:432,3
DA:420,141
DA:429,141
DA:430,141
DA:431,141
DA:432,141
DA:486,3
DA:495,3
DA:486,141
DA:495,141
DA:521,3
DA:522,3
DA:521,141
DA:522,141
DA:527,3
DA:529,3
DA:532,3
DA:527,141
DA:529,141
DA:532,141
DA:611,3
DA:620,3
DA:611,141
DA:620,141
end_of_record
SF:/home/maksim/matrix_cpp-master/src/matrix_oop.h
FN:29,_ZNK6Matrix7GetColsEv
FNDA:1248,_ZNK6Matrix7GetColsEv
FN:30,_ZNK6Matrix7GetRowsEv
FNDA:383,_ZNK6Matrix7GetRowsEv
DA:29,1248
DA:30,383
end_of_record
